2025-10-31 19:36:53.861 [restartedMain] INFO  com.project.travel.TravelApplication - Starting TravelApplication using Java 1.8.0 on LAPTOP-2DO7I0MO with PID 31052 (F:\travel\travel-server\target\classes started by lenovo in F:\travel)
2025-10-31 19:36:53.874 [restartedMain] INFO  com.project.travel.TravelApplication - The following profiles are active: dev
2025-10-31 19:36:53.960 [restartedMain] INFO  o.s.b.d.env.DevToolsPropertyDefaultsPostProcessor - Devtools property defaults active! Set 'spring.devtools.add-properties' to 'false' to disable
2025-10-31 19:36:53.961 [restartedMain] INFO  o.s.b.d.env.DevToolsPropertyDefaultsPostProcessor - For additional web related logging consider setting the 'logging.level.web' property to 'DEBUG'
2025-10-31 19:36:55.212 [restartedMain] INFO  o.s.d.r.config.RepositoryConfigurationDelegate - Multiple Spring Data modules found, entering strict repository configuration mode!
2025-10-31 19:36:55.217 [restartedMain] INFO  o.s.d.r.config.RepositoryConfigurationDelegate - Bootstrapping Spring Data Redis repositories in DEFAULT mode.
2025-10-31 19:36:55.342 [restartedMain] INFO  o.s.d.r.config.RepositoryConfigurationDelegate - Finished Spring Data repository scanning in 99 ms. Found 0 Redis repository interfaces.
2025-10-31 19:36:56.536 [restartedMain] INFO  o.s.boot.web.embedded.tomcat.TomcatWebServer - Tomcat initialized with port(s): 8080 (http)
2025-10-31 19:36:56.552 [restartedMain] INFO  org.apache.coyote.http11.Http11NioProtocol - Initializing ProtocolHandler ["http-nio-8080"]
2025-10-31 19:36:56.553 [restartedMain] INFO  org.apache.catalina.core.StandardService - Starting service [Tomcat]
2025-10-31 19:36:56.554 [restartedMain] INFO  org.apache.catalina.core.StandardEngine - Starting Servlet engine: [Apache Tomcat/9.0.41]
2025-10-31 19:36:56.650 [restartedMain] INFO  o.a.c.core.ContainerBase.[Tomcat].[localhost].[/] - Initializing Spring embedded WebApplicationContext
2025-10-31 19:36:56.650 [restartedMain] INFO  o.s.b.w.s.c.ServletWebServerApplicationContext - Root WebApplicationContext: initialization completed in 2688 ms
2025-10-31 19:36:57.250 [restartedMain] INFO  c.a.d.s.b.a.DruidDataSourceAutoConfigure - Init DruidDataSource
2025-10-31 19:36:58.265 [restartedMain] INFO  com.alibaba.druid.pool.DruidDataSource - {dataSource-1} inited
2025-10-31 19:37:02.695 [restartedMain] INFO  o.s.scheduling.concurrent.ThreadPoolTaskExecutor - Initializing ExecutorService 'applicationTaskExecutor'
2025-10-31 19:37:03.224 [restartedMain] INFO  o.s.b.d.autoconfigure.OptionalLiveReloadServer - LiveReload server is running on port 35729
2025-10-31 19:37:03.259 [restartedMain] INFO  org.apache.coyote.http11.Http11NioProtocol - Starting ProtocolHandler ["http-nio-8080"]
2025-10-31 19:37:03.309 [restartedMain] INFO  o.s.boot.web.embedded.tomcat.TomcatWebServer - Tomcat started on port(s): 8080 (http) with context path ''
2025-10-31 19:37:03.324 [restartedMain] INFO  com.project.travel.TravelApplication - Started TravelApplication in 10.298 seconds (JVM running for 10.854)
2025-10-31 19:37:40.178 [http-nio-8080-exec-2] INFO  o.a.c.core.ContainerBase.[Tomcat].[localhost].[/] - Initializing Spring DispatcherServlet 'dispatcherServlet'
2025-10-31 19:37:40.179 [http-nio-8080-exec-2] INFO  org.springframework.web.servlet.DispatcherServlet - Initializing Servlet 'dispatcherServlet'
2025-10-31 19:37:40.181 [http-nio-8080-exec-2] INFO  org.springframework.web.servlet.DispatcherServlet - Completed initialization in 1 ms
2025-10-31 19:43:26.103 [http-nio-8080-exec-24] INFO  com.project.travel.handle.MyMetaObjectHandler - 公共字段自动填充[update]...
2025-10-31 19:44:56.149 [http-nio-8080-exec-37] INFO  com.project.travel.handle.MyMetaObjectHandler - 公共字段自动填充[update]...
2025-10-31 19:46:12.870 [http-nio-8080-exec-43] INFO  com.project.travel.handle.MyMetaObjectHandler - 公共字段自动填充[update]...
2025-10-31 19:46:52.050 [http-nio-8080-exec-54] INFO  com.project.travel.handle.MyMetaObjectHandler - 公共字段自动填充[update]...
2025-10-31 19:47:29.738 [http-nio-8080-exec-62] INFO  com.project.travel.handle.MyMetaObjectHandler - 公共字段自动填充[update]...
2025-10-31 19:48:44.197 [http-nio-8080-exec-82] INFO  com.project.travel.handle.MyMetaObjectHandler - 公共字段自动填充[update]...
2025-10-31 19:49:52.898 [http-nio-8080-exec-84] INFO  com.project.travel.handle.MyMetaObjectHandler - 公共字段自动填充[update]...
2025-10-31 19:50:28.814 [http-nio-8080-exec-99] INFO  com.project.travel.handle.MyMetaObjectHandler - 公共字段自动填充[update]...
2025-10-31 19:58:52.932 [http-nio-8080-exec-100] INFO  com.project.travel.handle.MyMetaObjectHandler - 公共字段自动填充[update]...
2025-10-31 20:16:28.871 [http-nio-8080-exec-45] INFO  com.project.travel.handle.MyMetaObjectHandler - 公共字段自动填充[update]...
2025-10-31 20:20:18.755 [http-nio-8080-exec-65] INFO  com.project.travel.handle.MyMetaObjectHandler - 公共字段自动填充[update]...
2025-10-31 20:21:30.418 [http-nio-8080-exec-84] INFO  com.project.travel.handle.MyMetaObjectHandler - 公共字段自动填充[update]...
2025-10-31 20:22:23.676 [http-nio-8080-exec-94] INFO  com.project.travel.handle.MyMetaObjectHandler - 公共字段自动填充[update]...
2025-10-31 20:23:03.138 [http-nio-8080-exec-31] INFO  com.project.travel.handle.MyMetaObjectHandler - 公共字段自动填充[update]...
2025-10-31 20:32:49.889 [SpringContextShutdownHook] INFO  o.s.scheduling.concurrent.ThreadPoolTaskExecutor - Shutting down ExecutorService 'applicationTaskExecutor'
2025-10-31 20:32:49.891 [SpringContextShutdownHook] INFO  com.alibaba.druid.pool.DruidDataSource - {dataSource-1} closing ...
2025-10-31 20:32:49.897 [SpringContextShutdownHook] INFO  com.alibaba.druid.pool.DruidDataSource - {dataSource-1} closed
2025-10-31 20:38:47.457 [restartedMain] INFO  com.project.travel.TravelApplication - Starting TravelApplication using Java 1.8.0 on LAPTOP-2DO7I0MO with PID 35848 (F:\travel\travel-server\target\classes started by lenovo in F:\travel)
2025-10-31 20:38:47.460 [restartedMain] INFO  com.project.travel.TravelApplication - The following profiles are active: dev
2025-10-31 20:38:47.532 [restartedMain] INFO  o.s.b.d.env.DevToolsPropertyDefaultsPostProcessor - Devtools property defaults active! Set 'spring.devtools.add-properties' to 'false' to disable
2025-10-31 20:38:47.534 [restartedMain] INFO  o.s.b.d.env.DevToolsPropertyDefaultsPostProcessor - For additional web related logging consider setting the 'logging.level.web' property to 'DEBUG'
2025-10-31 20:38:48.619 [restartedMain] INFO  o.s.d.r.config.RepositoryConfigurationDelegate - Multiple Spring Data modules found, entering strict repository configuration mode!
2025-10-31 20:38:48.624 [restartedMain] INFO  o.s.d.r.config.RepositoryConfigurationDelegate - Bootstrapping Spring Data Redis repositories in DEFAULT mode.
2025-10-31 20:38:48.731 [restartedMain] INFO  o.s.d.r.config.RepositoryConfigurationDelegate - Finished Spring Data repository scanning in 90 ms. Found 0 Redis repository interfaces.
2025-10-31 20:38:49.758 [restartedMain] INFO  o.s.boot.web.embedded.tomcat.TomcatWebServer - Tomcat initialized with port(s): 8080 (http)
2025-10-31 20:38:49.778 [restartedMain] INFO  org.apache.coyote.http11.Http11NioProtocol - Initializing ProtocolHandler ["http-nio-8080"]
2025-10-31 20:38:49.778 [restartedMain] INFO  org.apache.catalina.core.StandardService - Starting service [Tomcat]
2025-10-31 20:38:49.779 [restartedMain] INFO  org.apache.catalina.core.StandardEngine - Starting Servlet engine: [Apache Tomcat/9.0.41]
2025-10-31 20:38:49.858 [restartedMain] INFO  o.a.c.core.ContainerBase.[Tomcat].[localhost].[/] - Initializing Spring embedded WebApplicationContext
2025-10-31 20:38:49.859 [restartedMain] INFO  o.s.b.w.s.c.ServletWebServerApplicationContext - Root WebApplicationContext: initialization completed in 2324 ms
2025-10-31 20:38:51.975 [restartedMain] INFO  c.a.d.s.b.a.DruidDataSourceAutoConfigure - Init DruidDataSource
2025-10-31 20:38:52.708 [restartedMain] INFO  com.alibaba.druid.pool.DruidDataSource - {dataSource-1} inited
2025-10-31 20:38:57.367 [restartedMain] INFO  o.s.scheduling.concurrent.ThreadPoolTaskExecutor - Initializing ExecutorService 'applicationTaskExecutor'
2025-10-31 20:38:57.872 [restartedMain] INFO  o.s.b.d.autoconfigure.OptionalLiveReloadServer - LiveReload server is running on port 35729
2025-10-31 20:38:57.899 [restartedMain] INFO  org.apache.coyote.http11.Http11NioProtocol - Starting ProtocolHandler ["http-nio-8080"]
2025-10-31 20:38:57.944 [restartedMain] INFO  o.s.boot.web.embedded.tomcat.TomcatWebServer - Tomcat started on port(s): 8080 (http) with context path ''
2025-10-31 20:38:57.962 [restartedMain] INFO  com.project.travel.TravelApplication - Started TravelApplication in 11.19 seconds (JVM running for 11.732)
2025-10-31 20:39:17.228 [http-nio-8080-exec-2] INFO  o.a.c.core.ContainerBase.[Tomcat].[localhost].[/] - Initializing Spring DispatcherServlet 'dispatcherServlet'
2025-10-31 20:39:17.229 [http-nio-8080-exec-2] INFO  org.springframework.web.servlet.DispatcherServlet - Initializing Servlet 'dispatcherServlet'
2025-10-31 20:39:17.231 [http-nio-8080-exec-2] INFO  org.springframework.web.servlet.DispatcherServlet - Completed initialization in 1 ms
2025-10-31 20:43:03.458 [http-nio-8080-exec-27] INFO  com.project.travel.handle.MyMetaObjectHandler - 公共字段自动填充[update]...
2025-10-31 20:43:41.557 [http-nio-8080-exec-31] INFO  com.project.travel.handle.MyMetaObjectHandler - 公共字段自动填充[update]...
2025-10-31 20:45:20.822 [http-nio-8080-exec-42] INFO  com.project.travel.handle.MyMetaObjectHandler - 公共字段自动填充[update]...
2025-10-31 20:52:45.817 [http-nio-8080-exec-2] INFO  com.project.travel.handle.MyMetaObjectHandler - 公共字段自动填充[update]...
2025-10-31 20:55:02.546 [http-nio-8080-exec-13] INFO  com.project.travel.handle.MyMetaObjectHandler - 公共字段自动填充[update]...
2025-10-31 20:56:04.494 [http-nio-8080-exec-20] INFO  com.project.travel.handle.MyMetaObjectHandler - 公共字段自动填充[update]...
2025-10-31 21:04:26.232 [http-nio-8080-exec-33] INFO  com.project.travel.handle.MyMetaObjectHandler - 公共字段自动填充[update]...
2025-10-31 21:09:59.127 [http-nio-8080-exec-42] INFO  com.project.travel.handle.MyMetaObjectHandler - 公共字段自动填充[update]...
2025-10-31 21:10:37.846 [http-nio-8080-exec-53] INFO  com.project.travel.handle.MyMetaObjectHandler - 公共字段自动填充[update]...
2025-10-31 21:11:09.728 [http-nio-8080-exec-58] INFO  com.project.travel.handle.MyMetaObjectHandler - 公共字段自动填充[update]...
2025-10-31 21:11:40.092 [http-nio-8080-exec-69] INFO  com.project.travel.handle.MyMetaObjectHandler - 公共字段自动填充[update]...
2025-10-31 21:12:16.102 [http-nio-8080-exec-75] INFO  com.project.travel.handle.MyMetaObjectHandler - 公共字段自动填充[update]...
2025-10-31 21:12:57.298 [http-nio-8080-exec-84] INFO  com.project.travel.handle.MyMetaObjectHandler - 公共字段自动填充[update]...
2025-10-31 21:13:26.170 [http-nio-8080-exec-90] INFO  com.project.travel.handle.MyMetaObjectHandler - 公共字段自动填充[update]...
2025-10-31 21:15:06.203 [http-nio-8080-exec-29] INFO  com.project.travel.handle.MyMetaObjectHandler - 公共字段自动填充[update]...
2025-10-31 21:15:35.556 [http-nio-8080-exec-33] INFO  com.project.travel.handle.MyMetaObjectHandler - 公共字段自动填充[update]...
2025-10-31 21:16:49.717 [http-nio-8080-exec-51] INFO  com.project.travel.handle.MyMetaObjectHandler - 公共字段自动填充[update]...
2025-10-31 21:16:54.730 [http-nio-8080-exec-58] INFO  com.project.travel.handle.MyMetaObjectHandler - 公共字段自动填充[update]...
2025-10-31 21:26:45.121 [lettuce-nioEventLoop-4-1] INFO  io.lettuce.core.protocol.CommandHandler - null Unexpected exception during request: java.io.IOException: 远程主机强迫关闭了一个现有的连接。
java.io.IOException: 远程主机强迫关闭了一个现有的连接。
	at sun.nio.ch.SocketDispatcher.read0(Native Method)
	at sun.nio.ch.SocketDispatcher.read(SocketDispatcher.java:43)
	at sun.nio.ch.IOUtil.readIntoNativeBuffer(IOUtil.java:223)
	at sun.nio.ch.IOUtil.read(IOUtil.java:192)
	at sun.nio.ch.SocketChannelImpl.read(SocketChannelImpl.java:375)
	at io.netty.buffer.PooledByteBuf.setBytes(PooledByteBuf.java:253)
	at io.netty.buffer.AbstractByteBuf.writeBytes(AbstractByteBuf.java:1134)
	at io.netty.channel.socket.nio.NioSocketChannel.doReadBytes(NioSocketChannel.java:350)
	at io.netty.channel.nio.AbstractNioByteChannel$NioByteUnsafe.read(AbstractNioByteChannel.java:151)
	at io.netty.channel.nio.NioEventLoop.processSelectedKey(NioEventLoop.java:719)
	at io.netty.channel.nio.NioEventLoop.processSelectedKeysOptimized(NioEventLoop.java:655)
	at io.netty.channel.nio.NioEventLoop.processSelectedKeys(NioEventLoop.java:581)
	at io.netty.channel.nio.NioEventLoop.run(NioEventLoop.java:493)
	at io.netty.util.concurrent.SingleThreadEventExecutor$4.run(SingleThreadEventExecutor.java:989)
	at io.netty.util.internal.ThreadExecutorMap$2.run(ThreadExecutorMap.java:74)
	at io.netty.util.concurrent.FastThreadLocalRunnable.run(FastThreadLocalRunnable.java:30)
	at java.lang.Thread.run(Thread.java:744)
2025-10-31 21:26:45.141 [lettuce-eventExecutorLoop-1-14] INFO  io.lettuce.core.protocol.ConnectionWatchdog - Reconnecting, last destination was /127.0.0.1:6379
