2025-10-29 10:23:31.611 [restartedMain] INFO  com.project.travel.TravelApplication - Starting TravelApplication using Java 1.8.0 on LAPTOP-2DO7I0MO with PID 31916 (F:\travel\travel-server\target\classes started by lenovo in F:\travel)
2025-10-29 10:23:31.626 [restartedMain] INFO  com.project.travel.TravelApplication - The following profiles are active: dev
2025-10-29 10:23:31.708 [restartedMain] INFO  o.s.b.d.env.DevToolsPropertyDefaultsPostProcessor - Devtools property defaults active! Set 'spring.devtools.add-properties' to 'false' to disable
2025-10-29 10:23:31.708 [restartedMain] INFO  o.s.b.d.env.DevToolsPropertyDefaultsPostProcessor - For additional web related logging consider setting the 'logging.level.web' property to 'DEBUG'
2025-10-29 10:23:32.845 [restartedMain] INFO  o.s.d.r.config.RepositoryConfigurationDelegate - Multiple Spring Data modules found, entering strict repository configuration mode!
2025-10-29 10:23:32.851 [restartedMain] INFO  o.s.d.r.config.RepositoryConfigurationDelegate - Bootstrapping Spring Data Redis repositories in DEFAULT mode.
2025-10-29 10:23:32.963 [restartedMain] INFO  o.s.d.r.config.RepositoryConfigurationDelegate - Finished Spring Data repository scanning in 93 ms. Found 0 Redis repository interfaces.
2025-10-29 10:23:34.115 [restartedMain] INFO  o.s.boot.web.embedded.tomcat.TomcatWebServer - Tomcat initialized with port(s): 8080 (http)
2025-10-29 10:23:34.130 [restartedMain] INFO  org.apache.coyote.http11.Http11NioProtocol - Initializing ProtocolHandler ["http-nio-8080"]
2025-10-29 10:23:34.131 [restartedMain] INFO  org.apache.catalina.core.StandardService - Starting service [Tomcat]
2025-10-29 10:23:34.132 [restartedMain] INFO  org.apache.catalina.core.StandardEngine - Starting Servlet engine: [Apache Tomcat/9.0.41]
2025-10-29 10:23:34.212 [restartedMain] INFO  o.a.c.core.ContainerBase.[Tomcat].[localhost].[/] - Initializing Spring embedded WebApplicationContext
2025-10-29 10:23:34.212 [restartedMain] INFO  o.s.b.w.s.c.ServletWebServerApplicationContext - Root WebApplicationContext: initialization completed in 2503 ms
2025-10-29 10:23:36.502 [restartedMain] INFO  c.a.d.s.b.a.DruidDataSourceAutoConfigure - Init DruidDataSource
2025-10-29 10:23:37.402 [restartedMain] INFO  com.alibaba.druid.pool.DruidDataSource - {dataSource-1} inited
2025-10-29 10:23:41.718 [restartedMain] INFO  o.s.scheduling.concurrent.ThreadPoolTaskExecutor - Initializing ExecutorService 'applicationTaskExecutor'
2025-10-29 10:23:42.191 [restartedMain] INFO  o.s.b.d.autoconfigure.OptionalLiveReloadServer - LiveReload server is running on port 35729
2025-10-29 10:23:42.223 [restartedMain] INFO  org.apache.coyote.http11.Http11NioProtocol - Starting ProtocolHandler ["http-nio-8080"]
2025-10-29 10:23:42.266 [restartedMain] INFO  o.s.boot.web.embedded.tomcat.TomcatWebServer - Tomcat started on port(s): 8080 (http) with context path ''
2025-10-29 10:23:42.266 [restartedMain] INFO  com.project.travel.TravelApplication - Started TravelApplication in 11.422 seconds (JVM running for 12.051)
2025-10-29 10:24:11.412 [http-nio-8080-exec-2] INFO  o.a.c.core.ContainerBase.[Tomcat].[localhost].[/] - Initializing Spring DispatcherServlet 'dispatcherServlet'
2025-10-29 10:24:11.413 [http-nio-8080-exec-2] INFO  org.springframework.web.servlet.DispatcherServlet - Initializing Servlet 'dispatcherServlet'
2025-10-29 10:24:11.413 [http-nio-8080-exec-2] INFO  org.springframework.web.servlet.DispatcherServlet - Completed initialization in 0 ms
2025-10-29 10:54:39.692 [http-nio-8080-exec-85] INFO  com.project.travel.handle.MyMetaObjectHandler - 公共字段自动填充[update]...
2025-10-29 10:55:05.794 [http-nio-8080-exec-11] INFO  com.project.travel.handle.MyMetaObjectHandler - 公共字段自动填充[update]...
